[      31ms] [LOG] [CommHub] Initializing for user: 202 @ https://awesomekorean.com/build/assets/app-6FHybCUm.js:47
[      32ms] [LOG] [PeerJS] Initializing as sk-202-aqtf @ https://awesomekorean.com/build/assets/app-6FHybCUm.js:47
[      33ms] [WARNING] [PushService] Firebase config missing — push disabled @ https://awesomekorean.com/build/assets/app-6FHybCUm.js:47
[     267ms] [LOG] [PeerJS] ✅ Connected as sk-202-aqtf @ https://awesomekorean.com/build/assets/app-6FHybCUm.js:47
[    4471ms] [LOG] [Ringtone] <audio> source pre-loaded (no play) @ https://awesomekorean.com/build/assets/app-6FHybCUm.js:47
[  248627ms] [VERBOSE] [DOM] Password field is not contained in a form: (More info: https://goo.gl/9p2vKq) %o @ https://awesomekorean.com/dashboard:0
[  248627ms] [VERBOSE] [DOM] Password field is not contained in a form: (More info: https://goo.gl/9p2vKq) %o @ https://awesomekorean.com/dashboard:0
[  248627ms] [VERBOSE] [DOM] Password field is not contained in a form: (More info: https://goo.gl/9p2vKq) %o @ https://awesomekorean.com/dashboard:0
[  399398ms] [LOG] [CommHub] Initializing for user: 202 @ https://awesomekorean.com/build/assets/app-6FHybCUm.js:47
[  399400ms] [LOG] [PeerJS] Initializing as sk-202-5c8f @ https://awesomekorean.com/build/assets/app-6FHybCUm.js:47
[  399402ms] [WARNING] [PushService] Firebase config missing — push disabled @ https://awesomekorean.com/build/assets/app-6FHybCUm.js:47
[  399593ms] [LOG] [PeerJS] ✅ Connected as sk-202-5c8f @ https://awesomekorean.com/build/assets/app-6FHybCUm.js:47
[  566706ms] [LOG] [Ringtone] <audio> source pre-loaded (no play) @ https://awesomekorean.com/build/assets/app-6FHybCUm.js:47
[  584563ms] [ERROR] Failed to load resource: the server responded with a status of 404 (Not Found) @ https://awesomekorean.com/storage//storage/avatars/img_69ea2201ab9733.97381590.png:0
[  603451ms] [ERROR] Failed to load resource: the server responded with a status of 404 (Not Found) @ https://awesomekorean.com/storage//storage/avatars/img_69ea2201ab9733.97381590.png:0
[  617543ms] [ERROR] Failed to load resource: the server responded with a status of 404 (Not Found) @ https://awesomekorean.com/storage//storage/avatars/img_69ea2201ab9733.97381590.png:0
[  627812ms] [ERROR] Failed to load resource: the server responded with a status of 404 (Not Found) @ https://awesomekorean.com/storage//storage/avatars/img_69ea2201ab9733.97381590.png:0
[ 3043311ms] [LOG] [CommHub] Initializing for user: 202 @ https://awesomekorean.com/build/assets/app-C0JRYiyq.js:47
[ 3043312ms] [LOG] [PeerJS] Initializing as sk-202-l3iz @ https://awesomekorean.com/build/assets/app-C0JRYiyq.js:47
[ 3043313ms] [WARNING] [PushService] Firebase config missing — push disabled @ https://awesomekorean.com/build/assets/app-C0JRYiyq.js:47
[ 3043721ms] [LOG] [PeerJS] ✅ Connected as sk-202-l3iz @ https://awesomekorean.com/build/assets/app-C0JRYiyq.js:47
[ 3045344ms] [LOG] [Ringtone] <audio> source pre-loaded (no play) @ https://awesomekorean.com/build/assets/app-C0JRYiyq.js:47
[ 3049381ms] [ERROR] Failed to load resource: the server responded with a status of 404 (Not Found) @ https://awesomekorean.com/storage//storage/avatars/img_69ea2201ab9733.97381590.png:0
[ 3075934ms] [ERROR] Failed to load resource: the server responded with a status of 404 (Not Found) @ https://awesomekorean.com/storage//storage/avatars/img_69ea2201ab9733.97381590.png:0
[ 3593393ms] [ERROR] Failed to load resource: the server responded with a status of 401 (Unauthorized) @ https://awesomekorean.com/api/comms/presence/ping:0
[ 3618386ms] [ERROR] Failed to load resource: the server responded with a status of 401 (Unauthorized) @ https://awesomekorean.com/api/comms/presence/ping:0
[ 3643393ms] [ERROR] Failed to load resource: the server responded with a status of 401 (Unauthorized) @ https://awesomekorean.com/api/heartbeat:0
[ 3643480ms] [ERROR] Failed to load resource: the server responded with a status of 401 (Unauthorized) @ https://awesomekorean.com/api/comms/presence/ping:0
[ 3643487ms] [ERROR] Failed to load resource: the server responded with a status of 401 (Unauthorized) @ https://awesomekorean.com/api/notifications:0
[ 3668385ms] [ERROR] Failed to load resource: the server responded with a status of 401 (Unauthorized) @ https://awesomekorean.com/api/comms/presence/ping:0
[ 3693402ms] [ERROR] Failed to load resource: the server responded with a status of 401 (Unauthorized) @ https://awesomekorean.com/api/comms/presence/ping:0
[ 3718389ms] [ERROR] Failed to load resource: the server responded with a status of 401 (Unauthorized) @ https://awesomekorean.com/api/comms/presence/ping:0
[ 3743388ms] [ERROR] Failed to load resource: the server responded with a status of 401 (Unauthorized) @ https://awesomekorean.com/api/comms/presence/ping:0
[ 3763396ms] [ERROR] Failed to load resource: the server responded with a status of 401 (Unauthorized) @ https://awesomekorean.com/api/heartbeat:0
[ 3763479ms] [ERROR] Failed to load resource: the server responded with a status of 401 (Unauthorized) @ https://awesomekorean.com/api/notifications:0
[ 3768413ms] [ERROR] Failed to load resource: the server responded with a status of 401 (Unauthorized) @ https://awesomekorean.com/api/comms/presence/ping:0
[ 3793392ms] [ERROR] Failed to load resource: the server responded with a status of 401 (Unauthorized) @ https://awesomekorean.com/api/comms/presence/ping:0
[ 3818414ms] [ERROR] Failed to load resource: the server responded with a status of 401 (Unauthorized) @ https://awesomekorean.com/api/comms/presence/ping:0
[ 3843406ms] [ERROR] Failed to load resource: the server responded with a status of 401 (Unauthorized) @ https://awesomekorean.com/api/comms/presence/ping:0
[ 3868385ms] [ERROR] Failed to load resource: the server responded with a status of 401 (Unauthorized) @ https://awesomekorean.com/api/comms/presence/ping:0
[ 3883386ms] [ERROR] Failed to load resource: the server responded with a status of 401 (Unauthorized) @ https://awesomekorean.com/api/heartbeat:0
[ 3883450ms] [ERROR] Failed to load resource: the server responded with a status of 401 (Unauthorized) @ https://awesomekorean.com/api/notifications:0
[ 3893394ms] [ERROR] Failed to load resource: the server responded with a status of 401 (Unauthorized) @ https://awesomekorean.com/api/comms/presence/ping:0
[ 3918421ms] [ERROR] Failed to load resource: the server responded with a status of 401 (Unauthorized) @ https://awesomekorean.com/api/comms/presence/ping:0
[ 3936166ms] [ERROR] Failed to load resource: the server responded with a status of 401 (Unauthorized) @ https://awesomekorean.com/api/bookmarks/check?type=App%5CModels%5CJobPost&ids=354,349,367:0
[ 3936723ms] [ERROR] Failed to load resource: the server responded with a status of 401 (Unauthorized) @ https://awesomekorean.com/api/bookmarks/check?type=App%5CModels%5CJobPost&ids=375,374,373,372,371,370,369,368,297,328,298,312,339,337,345,309,277,323,280,314:0
[ 3937435ms] [ERROR] Failed to load resource: the server responded with a status of 401 (Unauthorized) @ https://awesomekorean.com/api/bookmarks/check?type=App%5CModels%5CJobPost&ids=354,349,367:0
[ 3943388ms] [ERROR] Failed to load resource: the server responded with a status of 401 (Unauthorized) @ https://awesomekorean.com/api/comms/presence/ping:0
[ 3943690ms] [ERROR] Failed to load resource: the server responded with a status of 401 (Unauthorized) @ https://awesomekorean.com/api/bookmarks/check?type=App%5CModels%5CJobPost&ids=375,374,373,372,371,370,369,368,297,328,298,312,339,337,345,309,277,323,280,314:0
[ 3945095ms] [ERROR] Failed to load resource: the server responded with a status of 401 (Unauthorized) @ https://awesomekorean.com/api/bookmarks/check?type=App%5CModels%5CJobPost&ids=354,349,367:0
[ 3946759ms] [ERROR] Failed to load resource: the server responded with a status of 401 (Unauthorized) @ https://awesomekorean.com/api/bookmarks/check?type=App%5CModels%5CJobPost&ids=375,374,373,372,371,370,369,368,297,328,298,312,339,337,345,309,277,323,280,314:0
[ 3949865ms] [ERROR] Failed to load resource: the server responded with a status of 401 (Unauthorized) @ https://awesomekorean.com/api/bookmarks/check?type=App%5CModels%5CMarketItem&ids=325,324,323,322,286,314,316,317,205,212,221,234,257,260,266:0
[ 3952037ms] [ERROR] Failed to load resource: the server responded with a status of 401 (Unauthorized) @ https://awesomekorean.com/api/bookmarks/check?type=App%5CModels%5CMarketItem&ids=325,324,323,322,286,314,316,317,205,212,221,234,257,260,266:0
[ 3960426ms] [ERROR] Failed to load resource: the server responded with a status of 404 (Not Found) @ https://awesomekorean.com/storage//storage/avatars/img_69ea2201ab9733.97381590.png:0
[ 3964267ms] [ERROR] Failed to load resource: the server responded with a status of 401 (Unauthorized) @ https://awesomekorean.com/api/bookmarks/check?type=App%5CModels%5CMarketItem&ids=324,322,205,212,221:0
[ 3964645ms] [ERROR] Failed to load resource: the server responded with a status of 401 (Unauthorized) @ https://awesomekorean.com/api/bookmarks/check?type=App%5CModels%5CMarketItem&ids=325,324,323,322,286,314,316,317,205,212,221,234,257,260,266:0
[ 3965498ms] [ERROR] Failed to load resource: the server responded with a status of 404 (Not Found) @ https://awesomekorean.com/storage//storage/avatars/img_69ea2201ab9733.97381590.png:0
[ 3968382ms] [ERROR] Failed to load resource: the server responded with a status of 401 (Unauthorized) @ https://awesomekorean.com/api/comms/presence/ping:0
[ 3993441ms] [ERROR] Failed to load resource: the server responded with a status of 401 (Unauthorized) @ https://awesomekorean.com/api/comms/presence/ping:0
[ 4003498ms] [ERROR] Failed to load resource: the server responded with a status of 401 (Unauthorized) @ https://awesomekorean.com/api/heartbeat:0
[ 4003501ms] [ERROR] Failed to load resource: the server responded with a status of 401 (Unauthorized) @ https://awesomekorean.com/api/notifications:0
[ 4019588ms] [ERROR] Failed to load resource: the server responded with a status of 401 (Unauthorized) @ https://awesomekorean.com/api/comms/presence/ping:0
[ 4043440ms] [ERROR] Failed to load resource: the server responded with a status of 401 (Unauthorized) @ https://awesomekorean.com/api/comms/presence/ping:0
[ 4068430ms] [ERROR] Failed to load resource: the server responded with a status of 401 (Unauthorized) @ https://awesomekorean.com/api/comms/presence/ping:0
[ 4093443ms] [ERROR] Failed to load resource: the server responded with a status of 401 (Unauthorized) @ https://awesomekorean.com/api/comms/presence/ping:0
[ 4119020ms] [ERROR] Failed to load resource: the server responded with a status of 401 (Unauthorized) @ https://awesomekorean.com/api/comms/presence/ping:0
[ 4123643ms] [ERROR] Failed to load resource: the server responded with a status of 401 (Unauthorized) @ https://awesomekorean.com/api/heartbeat:0
[ 4123744ms] [ERROR] Failed to load resource: the server responded with a status of 401 (Unauthorized) @ https://awesomekorean.com/api/notifications:0
[ 4143677ms] [ERROR] Failed to load resource: the server responded with a status of 401 (Unauthorized) @ https://awesomekorean.com/api/comms/presence/ping:0
[ 4169540ms] [ERROR] Failed to load resource: the server responded with a status of 401 (Unauthorized) @ https://awesomekorean.com/api/comms/presence/ping:0
[ 4193610ms] [ERROR] Failed to load resource: the server responded with a status of 401 (Unauthorized) @ https://awesomekorean.com/api/comms/presence/ping:0
[ 4219551ms] [ERROR] Failed to load resource: the server responded with a status of 401 (Unauthorized) @ https://awesomekorean.com/api/comms/presence/ping:0
[ 4244016ms] [ERROR] Failed to load resource: the server responded with a status of 401 (Unauthorized) @ https://awesomekorean.com/api/notifications:0
[ 4244045ms] [ERROR] Failed to load resource: the server responded with a status of 401 (Unauthorized) @ https://awesomekorean.com/api/heartbeat:0
[ 4244055ms] [ERROR] Failed to load resource: the server responded with a status of 401 (Unauthorized) @ https://awesomekorean.com/api/comms/presence/ping:0
[ 4269823ms] [ERROR] Failed to load resource: the server responded with a status of 401 (Unauthorized) @ https://awesomekorean.com/api/comms/presence/ping:0
[ 4295107ms] [ERROR] Failed to load resource: the server responded with a status of 401 (Unauthorized) @ https://awesomekorean.com/api/comms/presence/ping:0
[ 4319638ms] [ERROR] Failed to load resource: the server responded with a status of 401 (Unauthorized) @ https://awesomekorean.com/api/comms/presence/ping:0
[ 4343572ms] [ERROR] Failed to load resource: the server responded with a status of 401 (Unauthorized) @ https://awesomekorean.com/api/comms/presence/ping:0
[ 4363443ms] [ERROR] Failed to load resource: the server responded with a status of 401 (Unauthorized) @ https://awesomekorean.com/api/heartbeat:0
[ 4363445ms] [ERROR] Failed to load resource: the server responded with a status of 401 (Unauthorized) @ https://awesomekorean.com/api/notifications:0
[ 4368403ms] [ERROR] Failed to load resource: the server responded with a status of 401 (Unauthorized) @ https://awesomekorean.com/api/comms/presence/ping:0
[ 4393390ms] [ERROR] Failed to load resource: the server responded with a status of 401 (Unauthorized) @ https://awesomekorean.com/api/comms/presence/ping:0
[ 4418405ms] [ERROR] Failed to load resource: the server responded with a status of 401 (Unauthorized) @ https://awesomekorean.com/api/comms/presence/ping:0
[ 4443390ms] [ERROR] Failed to load resource: the server responded with a status of 401 (Unauthorized) @ https://awesomekorean.com/api/comms/presence/ping:0
[ 4468399ms] [ERROR] Failed to load resource: the server responded with a status of 401 (Unauthorized) @ https://awesomekorean.com/api/comms/presence/ping:0
[ 4483396ms] [ERROR] Failed to load resource: the server responded with a status of 401 (Unauthorized) @ https://awesomekorean.com/api/heartbeat:0
[ 4483465ms] [ERROR] Failed to load resource: the server responded with a status of 401 (Unauthorized) @ https://awesomekorean.com/api/notifications:0
[ 4493394ms] [ERROR] Failed to load resource: the server responded with a status of 401 (Unauthorized) @ https://awesomekorean.com/api/comms/presence/ping:0
[ 4518387ms] [ERROR] Failed to load resource: the server responded with a status of 401 (Unauthorized) @ https://awesomekorean.com/api/comms/presence/ping:0
[ 4543396ms] [ERROR] Failed to load resource: the server responded with a status of 401 (Unauthorized) @ https://awesomekorean.com/api/comms/presence/ping:0
[ 4568396ms] [ERROR] Failed to load resource: the server responded with a status of 401 (Unauthorized) @ https://awesomekorean.com/api/comms/presence/ping:0
[ 4598077ms] [ERROR] Failed to load resource: the server responded with a status of 401 (Unauthorized) @ https://awesomekorean.com/api/comms/presence/ping:0
[ 4603382ms] [ERROR] Failed to load resource: the server responded with a status of 401 (Unauthorized) @ https://awesomekorean.com/api/heartbeat:0
[ 4603445ms] [ERROR] Failed to load resource: the server responded with a status of 401 (Unauthorized) @ https://awesomekorean.com/api/notifications:0
[ 4618403ms] [ERROR] Failed to load resource: the server responded with a status of 401 (Unauthorized) @ https://awesomekorean.com/api/comms/presence/ping:0
[ 4643381ms] [ERROR] Failed to load resource: the server responded with a status of 401 (Unauthorized) @ https://awesomekorean.com/api/comms/presence/ping:0
[ 4668400ms] [ERROR] Failed to load resource: the server responded with a status of 401 (Unauthorized) @ https://awesomekorean.com/api/comms/presence/ping:0
[ 4693389ms] [ERROR] Failed to load resource: the server responded with a status of 401 (Unauthorized) @ https://awesomekorean.com/api/comms/presence/ping:0
[ 4718398ms] [ERROR] Failed to load resource: the server responded with a status of 401 (Unauthorized) @ https://awesomekorean.com/api/comms/presence/ping:0
[ 4723408ms] [ERROR] Failed to load resource: the server responded with a status of 401 (Unauthorized) @ https://awesomekorean.com/api/heartbeat:0
[ 4723461ms] [ERROR] Failed to load resource: the server responded with a status of 401 (Unauthorized) @ https://awesomekorean.com/api/notifications:0
[ 4743394ms] [ERROR] Failed to load resource: the server responded with a status of 401 (Unauthorized) @ https://awesomekorean.com/api/comms/presence/ping:0
[ 4768400ms] [ERROR] Failed to load resource: the server responded with a status of 401 (Unauthorized) @ https://awesomekorean.com/api/comms/presence/ping:0
[ 4793390ms] [ERROR] Failed to load resource: the server responded with a status of 401 (Unauthorized) @ https://awesomekorean.com/api/comms/presence/ping:0
[ 4818381ms] [ERROR] Failed to load resource: the server responded with a status of 401 (Unauthorized) @ https://awesomekorean.com/api/comms/presence/ping:0
[ 4843386ms] [ERROR] Failed to load resource: the server responded with a status of 401 (Unauthorized) @ https://awesomekorean.com/api/heartbeat:0
[ 4843486ms] [ERROR] Failed to load resource: the server responded with a status of 401 (Unauthorized) @ https://awesomekorean.com/api/notifications:0
[ 4843489ms] [ERROR] Failed to load resource: the server responded with a status of 401 (Unauthorized) @ https://awesomekorean.com/api/comms/presence/ping:0
[ 4868384ms] [ERROR] Failed to load resource: the server responded with a status of 401 (Unauthorized) @ https://awesomekorean.com/api/comms/presence/ping:0
[ 4893390ms] [ERROR] Failed to load resource: the server responded with a status of 401 (Unauthorized) @ https://awesomekorean.com/api/comms/presence/ping:0
[ 4918396ms] [ERROR] Failed to load resource: the server responded with a status of 401 (Unauthorized) @ https://awesomekorean.com/api/comms/presence/ping:0
[ 4943419ms] [ERROR] Failed to load resource: the server responded with a status of 401 (Unauthorized) @ https://awesomekorean.com/api/comms/presence/ping:0
[ 4963397ms] [ERROR] Failed to load resource: the server responded with a status of 401 (Unauthorized) @ https://awesomekorean.com/api/heartbeat:0
[ 4963460ms] [ERROR] Failed to load resource: the server responded with a status of 401 (Unauthorized) @ https://awesomekorean.com/api/notifications:0
[ 4968400ms] [ERROR] Failed to load resource: the server responded with a status of 401 (Unauthorized) @ https://awesomekorean.com/api/comms/presence/ping:0
[ 4993388ms] [ERROR] Failed to load resource: the server responded with a status of 401 (Unauthorized) @ https://awesomekorean.com/api/comms/presence/ping:0
[ 5018504ms] [ERROR] Failed to load resource: the server responded with a status of 401 (Unauthorized) @ https://awesomekorean.com/api/comms/presence/ping:0
[ 5043405ms] [ERROR] Failed to load resource: the server responded with a status of 401 (Unauthorized) @ https://awesomekorean.com/api/comms/presence/ping:0
[ 5068400ms] [ERROR] Failed to load resource: the server responded with a status of 401 (Unauthorized) @ https://awesomekorean.com/api/comms/presence/ping:0
[ 5083393ms] [ERROR] Failed to load resource: the server responded with a status of 401 (Unauthorized) @ https://awesomekorean.com/api/heartbeat:0
[ 5083481ms] [ERROR] Failed to load resource: the server responded with a status of 401 (Unauthorized) @ https://awesomekorean.com/api/notifications:0
[ 5093395ms] [ERROR] Failed to load resource: the server responded with a status of 401 (Unauthorized) @ https://awesomekorean.com/api/comms/presence/ping:0
[ 5118398ms] [ERROR] Failed to load resource: the server responded with a status of 401 (Unauthorized) @ https://awesomekorean.com/api/comms/presence/ping:0
[ 5143408ms] [ERROR] Failed to load resource: the server responded with a status of 401 (Unauthorized) @ https://awesomekorean.com/api/comms/presence/ping:0
[ 5168384ms] [ERROR] Failed to load resource: the server responded with a status of 401 (Unauthorized) @ https://awesomekorean.com/api/comms/presence/ping:0
[ 5193388ms] [ERROR] Failed to load resource: the server responded with a status of 401 (Unauthorized) @ https://awesomekorean.com/api/comms/presence/ping:0
[ 5203390ms] [ERROR] Failed to load resource: the server responded with a status of 401 (Unauthorized) @ https://awesomekorean.com/api/heartbeat:0
[ 5203463ms] [ERROR] Failed to load resource: the server responded with a status of 401 (Unauthorized) @ https://awesomekorean.com/api/notifications:0
[ 5218405ms] [ERROR] Failed to load resource: the server responded with a status of 401 (Unauthorized) @ https://awesomekorean.com/api/comms/presence/ping:0
[ 5243406ms] [ERROR] Failed to load resource: the server responded with a status of 401 (Unauthorized) @ https://awesomekorean.com/api/comms/presence/ping:0
[ 5268401ms] [ERROR] Failed to load resource: the server responded with a status of 401 (Unauthorized) @ https://awesomekorean.com/api/comms/presence/ping:0
[ 5293391ms] [ERROR] Failed to load resource: the server responded with a status of 401 (Unauthorized) @ https://awesomekorean.com/api/comms/presence/ping:0
[ 5318399ms] [ERROR] Failed to load resource: the server responded with a status of 401 (Unauthorized) @ https://awesomekorean.com/api/comms/presence/ping:0
[ 5323394ms] [ERROR] Failed to load resource: the server responded with a status of 401 (Unauthorized) @ https://awesomekorean.com/api/heartbeat:0
[ 5323470ms] [ERROR] Failed to load resource: the server responded with a status of 401 (Unauthorized) @ https://awesomekorean.com/api/notifications:0
[ 5343415ms] [ERROR] Failed to load resource: the server responded with a status of 401 (Unauthorized) @ https://awesomekorean.com/api/comms/presence/ping:0
[ 5368395ms] [ERROR] Failed to load resource: the server responded with a status of 401 (Unauthorized) @ https://awesomekorean.com/api/comms/presence/ping:0
[ 5393423ms] [ERROR] Failed to load resource: the server responded with a status of 401 (Unauthorized) @ https://awesomekorean.com/api/comms/presence/ping:0
[ 5418402ms] [ERROR] Failed to load resource: the server responded with a status of 401 (Unauthorized) @ https://awesomekorean.com/api/comms/presence/ping:0
[ 5443412ms] [ERROR] Failed to load resource: the server responded with a status of 401 (Unauthorized) @ https://awesomekorean.com/api/notifications:0
[ 5443497ms] [ERROR] Failed to load resource: the server responded with a status of 401 (Unauthorized) @ https://awesomekorean.com/api/heartbeat:0
[ 5443507ms] [ERROR] Failed to load resource: the server responded with a status of 401 (Unauthorized) @ https://awesomekorean.com/api/comms/presence/ping:0
[ 5469682ms] [ERROR] Failed to load resource: the server responded with a status of 401 (Unauthorized) @ https://awesomekorean.com/api/comms/presence/ping:0
[ 5493446ms] [ERROR] Failed to load resource: the server responded with a status of 401 (Unauthorized) @ https://awesomekorean.com/api/comms/presence/ping:0
[ 5518453ms] [ERROR] Failed to load resource: the server responded with a status of 401 (Unauthorized) @ https://awesomekorean.com/api/comms/presence/ping:0
[ 5544424ms] [ERROR] Failed to load resource: the server responded with a status of 401 (Unauthorized) @ https://awesomekorean.com/api/comms/presence/ping:0
[ 5548244ms] [ERROR] Failed to load resource: the server responded with a status of 500 (Internal Server Error) @ https://awesomekorean.com/:0
[ 5550679ms] [ERROR] Failed to load resource: the server responded with a status of 500 (Internal Server Error) @ https://awesomekorean.com/:0
[ 5908355ms] [VERBOSE] [DOM] Input elements should have autocomplete attributes (suggested: "new-password"): (More info: https://goo.gl/9p2vKq) %o @ https://awesomekorean.com/register:0
[ 5908355ms] [VERBOSE] [DOM] Input elements should have autocomplete attributes (suggested: "new-password"): (More info: https://goo.gl/9p2vKq) %o @ https://awesomekorean.com/register:0
[ 5915354ms] [VERBOSE] [DOM] Input elements should have autocomplete attributes (suggested: "current-password"): (More info: https://goo.gl/9p2vKq) %o @ https://awesomekorean.com/login:0
[ 5917271ms] [LOG] [CommHub] Initializing for user: 202 @ https://awesomekorean.com/build/assets/app-Hz7UAxia.js:47
[ 5917272ms] [LOG] [PeerJS] Initializing as sk-202-fecx @ https://awesomekorean.com/build/assets/app-Hz7UAxia.js:47
[ 5917274ms] [WARNING] [PushService] Firebase config missing — push disabled @ https://awesomekorean.com/build/assets/app-Hz7UAxia.js:47
[ 5917581ms] [LOG] [PeerJS] ✅ Connected as sk-202-fecx @ https://awesomekorean.com/build/assets/app-Hz7UAxia.js:47
[ 5919298ms] [LOG] [Ringtone] <audio> source pre-loaded (no play) @ https://awesomekorean.com/build/assets/app-Hz7UAxia.js:47
[ 6493786ms] [LOG] [CommHub] Initializing for user: 202 @ https://awesomekorean.com/build/assets/app-C203zmat.js:47
[ 6493788ms] [LOG] [PeerJS] Initializing as sk-202-p6oj @ https://awesomekorean.com/build/assets/app-C203zmat.js:47
[ 6493789ms] [WARNING] [PushService] Firebase config missing — push disabled @ https://awesomekorean.com/build/assets/app-C203zmat.js:47
[ 6494344ms] [LOG] [PeerJS] ✅ Connected as sk-202-p6oj @ https://awesomekorean.com/build/assets/app-C203zmat.js:47
[ 6495591ms] [LOG] [Ringtone] <audio> source pre-loaded (no play) @ https://awesomekorean.com/build/assets/app-C203zmat.js:47
[ 8108601ms] [ERROR] Failed to load resource: the server responded with a status of 404 (Not Found) @ https://awesomekorean.com/build/assets/useLocation-DkiDh0Nr.js:0
[ 8108602ms] [ERROR] Failed to load resource: the server responded with a status of 404 (Not Found) @ https://awesomekorean.com/build/assets/GroupBuyHome-CJ6QenCq.js:0
[ 8109227ms] [LOG] [CommHub] Initializing for user: 202 @ https://awesomekorean.com/build/assets/app-D0kywsP1.js:47
[ 8109227ms] [LOG] [PeerJS] Initializing as sk-202-8l3i @ https://awesomekorean.com/build/assets/app-D0kywsP1.js:47
[ 8109231ms] [WARNING] [PushService] Firebase config missing — push disabled @ https://awesomekorean.com/build/assets/app-D0kywsP1.js:47
[ 8110379ms] [LOG] [PeerJS] ✅ Connected as sk-202-8l3i @ https://awesomekorean.com/build/assets/app-D0kywsP1.js:47
[ 8110626ms] [LOG] [Ringtone] <audio> source pre-loaded (no play) @ https://awesomekorean.com/build/assets/app-D0kywsP1.js:47
[ 8134550ms] [ERROR] Failed to load resource: the server responded with a status of 404 (Not Found) @ https://awesomekorean.com/storage//storage/avatars/img_69ea2201ab9733.97381590.png:0
[ 9238717ms] [LOG] [CommHub] Initializing for user: 202 @ https://awesomekorean.com/build/assets/app-DnwYba8f.js:47
[ 9238718ms] [LOG] [PeerJS] Initializing as sk-202-bf9l @ https://awesomekorean.com/build/assets/app-DnwYba8f.js:47
[ 9238720ms] [WARNING] [PushService] Firebase config missing — push disabled @ https://awesomekorean.com/build/assets/app-DnwYba8f.js:47
[ 9238914ms] [LOG] [PeerJS] ✅ Connected as sk-202-bf9l @ https://awesomekorean.com/build/assets/app-DnwYba8f.js:47
[ 9239351ms] [ERROR] Failed to load resource: the server responded with a status of 404 (Not Found) @ https://awesomekorean.com/storage//storage/avatars/img_69ea2201ab9733.97381590.png:0
[ 9247922ms] [LOG] [Ringtone] <audio> source pre-loaded (no play) @ https://awesomekorean.com/build/assets/app-DnwYba8f.js:47
[ 9788798ms] [ERROR] Failed to load resource: the server responded with a status of 401 (Unauthorized) @ https://awesomekorean.com/api/comms/presence/ping:0
[ 9813808ms] [ERROR] Failed to load resource: the server responded with a status of 401 (Unauthorized) @ https://awesomekorean.com/api/comms/presence/ping:0
[ 9838802ms] [ERROR] Failed to load resource: the server responded with a status of 401 (Unauthorized) @ https://awesomekorean.com/api/heartbeat:0
[ 9838898ms] [ERROR] Failed to load resource: the server responded with a status of 401 (Unauthorized) @ https://awesomekorean.com/api/notifications:0
[ 9838914ms] [ERROR] Failed to load resource: the server responded with a status of 401 (Unauthorized) @ https://awesomekorean.com/api/comms/presence/ping:0
[ 9863796ms] [ERROR] Failed to load resource: the server responded with a status of 401 (Unauthorized) @ https://awesomekorean.com/api/comms/presence/ping:0
[ 9888804ms] [ERROR] Failed to load resource: the server responded with a status of 401 (Unauthorized) @ https://awesomekorean.com/api/comms/presence/ping:0
[ 9913789ms] [ERROR] Failed to load resource: the server responded with a status of 401 (Unauthorized) @ https://awesomekorean.com/api/comms/presence/ping:0
[ 9938801ms] [ERROR] Failed to load resource: the server responded with a status of 401 (Unauthorized) @ https://awesomekorean.com/api/comms/presence/ping:0
[ 9963790ms] [ERROR] Failed to load resource: the server responded with a status of 401 (Unauthorized) @ https://awesomekorean.com/api/comms/presence/ping:0
[ 9988801ms] [ERROR] Failed to load resource: the server responded with a status of 401 (Unauthorized) @ https://awesomekorean.com/api/comms/presence/ping:0
[10013802ms] [ERROR] Failed to load resource: the server responded with a status of 401 (Unauthorized) @ https://awesomekorean.com/api/comms/presence/ping:0
[10038802ms] [ERROR] Failed to load resource: the server responded with a status of 401 (Unauthorized) @ https://awesomekorean.com/api/comms/presence/ping:0
[10063791ms] [ERROR] Failed to load resource: the server responded with a status of 401 (Unauthorized) @ https://awesomekorean.com/api/comms/presence/ping:0
[10088801ms] [ERROR] Failed to load resource: the server responded with a status of 401 (Unauthorized) @ https://awesomekorean.com/api/comms/presence/ping:0
