[     612ms] [LOG] [CommHub] Initializing for user: 202 @ https://awesomekorean.com/build/assets/app-DnwYba8f.js:47
[     613ms] [LOG] [PeerJS] Initializing as sk-202-61rp @ https://awesomekorean.com/build/assets/app-DnwYba8f.js:47
[     614ms] [WARNING] [PushService] Firebase config missing — push disabled @ https://awesomekorean.com/build/assets/app-DnwYba8f.js:47
[    1011ms] [LOG] [PeerJS] ✅ Connected as sk-202-61rp @ https://awesomekorean.com/build/assets/app-DnwYba8f.js:47
[   17668ms] [LOG] [Ringtone] <audio> source pre-loaded (no play) @ https://awesomekorean.com/build/assets/app-DnwYba8f.js:47
[  875691ms] [ERROR] Failed to load resource: the server responded with a status of 401 (Unauthorized) @ https://awesomekorean.com/api/comms/presence/ping:0
[  900695ms] [ERROR] Failed to load resource: the server responded with a status of 401 (Unauthorized) @ https://awesomekorean.com/api/comms/presence/ping:0
[  925701ms] [ERROR] Failed to load resource: the server responded with a status of 401 (Unauthorized) @ https://awesomekorean.com/api/comms/presence/ping:0
[  950718ms] [ERROR] Failed to load resource: the server responded with a status of 401 (Unauthorized) @ https://awesomekorean.com/api/comms/presence/ping:0
[  975686ms] [ERROR] Failed to load resource: the server responded with a status of 401 (Unauthorized) @ https://awesomekorean.com/api/comms/presence/ping:0
[  980478ms] [VERBOSE] [DOM] Input elements should have autocomplete attributes (suggested: "current-password"): (More info: https://goo.gl/9p2vKq) %o @ https://awesomekorean.com/login?redirect=/admin/ad-center:0
[  982068ms] [LOG] [CommHub] Initializing for user: 202 @ https://awesomekorean.com/build/assets/app-DnwYba8f.js:47
[  982070ms] [LOG] [PeerJS] Initializing as sk-202-3p0e @ https://awesomekorean.com/build/assets/app-DnwYba8f.js:47
[  982074ms] [WARNING] [PushService] Firebase config missing — push disabled @ https://awesomekorean.com/build/assets/app-DnwYba8f.js:47
[  982263ms] [LOG] [PeerJS] ✅ Connected as sk-202-3p0e @ https://awesomekorean.com/build/assets/app-DnwYba8f.js:47
[  983993ms] [LOG] [Ringtone] <audio> source pre-loaded (no play) @ https://awesomekorean.com/build/assets/app-DnwYba8f.js:47
[  989652ms] [VERBOSE] [DOM] Password field is not contained in a form: (More info: https://goo.gl/9p2vKq) %o @ https://awesomekorean.com/admin/settings:0
[  989652ms] [VERBOSE] [DOM] Password field is not contained in a form: (More info: https://goo.gl/9p2vKq) %o @ https://awesomekorean.com/admin/settings:0
[  989652ms] [VERBOSE] [DOM] Password field is not contained in a form: (More info: https://goo.gl/9p2vKq) %o @ https://awesomekorean.com/admin/settings:0
[  992786ms] [VERBOSE] [DOM] Password field is not contained in a form: (More info: https://goo.gl/9p2vKq) %o @ https://awesomekorean.com/admin/settings:0
[  992786ms] [VERBOSE] [DOM] Password field is not contained in a form: (More info: https://goo.gl/9p2vKq) %o @ https://awesomekorean.com/admin/settings:0
[  992787ms] [VERBOSE] [DOM] Password field is not contained in a form: (More info: https://goo.gl/9p2vKq) %o @ https://awesomekorean.com/admin/settings:0
[  995676ms] [VERBOSE] [DOM] Password field is not contained in a form: (More info: https://goo.gl/9p2vKq) %o @ https://awesomekorean.com/admin/settings:0
[  995676ms] [VERBOSE] [DOM] Password field is not contained in a form: (More info: https://goo.gl/9p2vKq) %o @ https://awesomekorean.com/admin/settings:0
[  995677ms] [VERBOSE] [DOM] Password field is not contained in a form: (More info: https://goo.gl/9p2vKq) %o @ https://awesomekorean.com/admin/settings:0
